2014-02-02 12:04:29 Error: [MissingControllerException] Controller class PostController could not be found.
Exception Attributes: array (
  'class' => 'PostController',
  'plugin' => NULL,
)
Request URL: /tombo-blog/post
Stack Trace:
#0 /Library/WebServer/Documents/tombo-blog/app/webroot/index.php(108): Dispatcher->dispatch(Object(CakeRequest), Object(CakeResponse))
#1 {main}
2014-02-02 12:04:37 Error: [MissingControllerException] Controller class PostsController could not be found.
Exception Attributes: array (
  'class' => 'PostsController',
  'plugin' => NULL,
)
Request URL: /tombo-blog/posts
Stack Trace:
#0 /Library/WebServer/Documents/tombo-blog/app/webroot/index.php(108): Dispatcher->dispatch(Object(CakeRequest), Object(CakeResponse))
#1 {main}
2014-02-02 12:05:19 Error: [MissingControllerException] Controller class PostsController could not be found.
Exception Attributes: array (
  'class' => 'PostsController',
  'plugin' => NULL,
)
Request URL: /tombo-blog/posts/
Stack Trace:
#0 /Library/WebServer/Documents/tombo-blog/app/webroot/index.php(108): Dispatcher->dispatch(Object(CakeRequest), Object(CakeResponse))
#1 {main}
2014-02-02 12:05:54 Error: Fatal Error (4): parse error, expecting `'{'' in [/Library/WebServer/Documents/tombo-blog/app/Model/Post.php, line 3]
2014-02-02 12:05:54 Error: [FatalErrorException] parse error, expecting `'{''
Request URL: /tombo-blog/posts/
Stack Trace:
#0 /Library/WebServer/Documents/tombo-blog/lib/Cake/Error/ErrorHandler.php(203): ErrorHandler::handleFatalError(4, 'parse error, ex...', '/Library/WebSer...', 3)
#1 [internal function]: ErrorHandler::handleError(4, 'parse error, ex...', '/Library/WebSer...', 3, Array)
#2 /Library/WebServer/Documents/tombo-blog/lib/Cake/Core/App.php(929): call_user_func('ErrorHandler::h...', 4, 'parse error, ex...', '/Library/WebSer...', 3, Array)
#3 /Library/WebServer/Documents/tombo-blog/lib/Cake/Core/App.php(902): App::_checkFatalError()
#4 [internal function]: App::shutdown()
#5 {main}
2014-02-02 12:06:22 Error: Fatal Error (4): parse error, expecting `'{'' in [/Library/WebServer/Documents/tombo-blog/app/Model/Post.php, line 3]
2014-02-02 12:06:22 Error: [FatalErrorException] parse error, expecting `'{''
Request URL: /tombo-blog/posts/
Stack Trace:
#0 /Library/WebServer/Documents/tombo-blog/lib/Cake/Error/ErrorHandler.php(203): ErrorHandler::handleFatalError(4, 'parse error, ex...', '/Library/WebSer...', 3)
#1 [internal function]: ErrorHandler::handleError(4, 'parse error, ex...', '/Library/WebSer...', 3, Array)
#2 /Library/WebServer/Documents/tombo-blog/lib/Cake/Core/App.php(929): call_user_func('ErrorHandler::h...', 4, 'parse error, ex...', '/Library/WebSer...', 3, Array)
#3 /Library/WebServer/Documents/tombo-blog/lib/Cake/Core/App.php(902): App::_checkFatalError()
#4 [internal function]: App::shutdown()
#5 {main}
2014-02-02 12:06:23 Error: Fatal Error (4): parse error, expecting `'{'' in [/Library/WebServer/Documents/tombo-blog/app/Model/Post.php, line 3]
2014-02-02 12:06:23 Error: [FatalErrorException] parse error, expecting `'{''
Request URL: /tombo-blog/posts/
Stack Trace:
#0 /Library/WebServer/Documents/tombo-blog/lib/Cake/Error/ErrorHandler.php(203): ErrorHandler::handleFatalError(4, 'parse error, ex...', '/Library/WebSer...', 3)
#1 [internal function]: ErrorHandler::handleError(4, 'parse error, ex...', '/Library/WebSer...', 3, Array)
#2 /Library/WebServer/Documents/tombo-blog/lib/Cake/Core/App.php(929): call_user_func('ErrorHandler::h...', 4, 'parse error, ex...', '/Library/WebSer...', 3, Array)
#3 /Library/WebServer/Documents/tombo-blog/lib/Cake/Core/App.php(902): App::_checkFatalError()
#4 [internal function]: App::shutdown()
#5 {main}
2014-02-02 12:06:41 Error: Fatal Error (1): Call to undefined function find() in [/Library/WebServer/Documents/tombo-blog/app/Controller/PostsController.php, line 7]
2014-02-02 12:06:41 Error: [FatalErrorException] Call to undefined function find()
Request URL: /tombo-blog/posts/
Stack Trace:
#0 /Library/WebServer/Documents/tombo-blog/lib/Cake/Error/ErrorHandler.php(203): ErrorHandler::handleFatalError(1, 'Call to undefin...', '/Library/WebSer...', 7)
#1 [internal function]: ErrorHandler::handleError(1, 'Call to undefin...', '/Library/WebSer...', 7, Array)
#2 /Library/WebServer/Documents/tombo-blog/lib/Cake/Core/App.php(929): call_user_func('ErrorHandler::h...', 1, 'Call to undefin...', '/Library/WebSer...', 7, Array)
#3 /Library/WebServer/Documents/tombo-blog/lib/Cake/Core/App.php(902): App::_checkFatalError()
#4 [internal function]: App::shutdown()
#5 {main}
2014-02-02 12:06:57 Error: [MissingViewException] View file "/Library/WebServer/Documents/tombo-blog/app/View/Posts/index.ctp" is missing.
Exception Attributes: array (
  'file' => '/Library/WebServer/Documents/tombo-blog/app/View/Posts/index.ctp',
)
Request URL: /tombo-blog/posts/
Stack Trace:
#0 /Library/WebServer/Documents/tombo-blog/lib/Cake/View/View.php(457): View->_getViewFileName(NULL)
#1 /Library/WebServer/Documents/tombo-blog/lib/Cake/Controller/Controller.php(952): View->render(NULL, NULL)
#2 /Library/WebServer/Documents/tombo-blog/lib/Cake/Routing/Dispatcher.php(192): Controller->render()
#3 /Library/WebServer/Documents/tombo-blog/lib/Cake/Routing/Dispatcher.php(160): Dispatcher->_invoke(Object(PostsController), Object(CakeRequest), Object(CakeResponse))
#4 /Library/WebServer/Documents/tombo-blog/app/webroot/index.php(108): Dispatcher->dispatch(Object(CakeRequest), Object(CakeResponse))
#5 {main}
2014-02-02 12:39:12 Error: [MissingViewException] View file "/Library/WebServer/Documents/tombo-blog/app/View/Posts/view.ctp" is missing.
Exception Attributes: array (
  'file' => '/Library/WebServer/Documents/tombo-blog/app/View/Posts/view.ctp',
)
Request URL: /tombo-blog/posts/view/1
Stack Trace:
#0 /Library/WebServer/Documents/tombo-blog/lib/Cake/View/View.php(457): View->_getViewFileName(NULL)
#1 /Library/WebServer/Documents/tombo-blog/lib/Cake/Controller/Controller.php(952): View->render(NULL, NULL)
#2 /Library/WebServer/Documents/tombo-blog/lib/Cake/Routing/Dispatcher.php(192): Controller->render()
#3 /Library/WebServer/Documents/tombo-blog/lib/Cake/Routing/Dispatcher.php(160): Dispatcher->_invoke(Object(PostsController), Object(CakeRequest), Object(CakeResponse))
#4 /Library/WebServer/Documents/tombo-blog/app/webroot/index.php(108): Dispatcher->dispatch(Object(CakeRequest), Object(CakeResponse))
#5 {main}
2014-02-02 12:39:34 Error: [MissingViewException] View file "/Library/WebServer/Documents/tombo-blog/app/View/Posts/view.ctp" is missing.
Exception Attributes: array (
  'file' => '/Library/WebServer/Documents/tombo-blog/app/View/Posts/view.ctp',
)
Request URL: /tombo-blog/posts/view/1
Stack Trace:
#0 /Library/WebServer/Documents/tombo-blog/lib/Cake/View/View.php(457): View->_getViewFileName(NULL)
#1 /Library/WebServer/Documents/tombo-blog/lib/Cake/Controller/Controller.php(952): View->render(NULL, NULL)
#2 /Library/WebServer/Documents/tombo-blog/lib/Cake/Routing/Dispatcher.php(192): Controller->render()
#3 /Library/WebServer/Documents/tombo-blog/lib/Cake/Routing/Dispatcher.php(160): Dispatcher->_invoke(Object(PostsController), Object(CakeRequest), Object(CakeResponse))
#4 /Library/WebServer/Documents/tombo-blog/app/webroot/index.php(108): Dispatcher->dispatch(Object(CakeRequest), Object(CakeResponse))
#5 {main}
2014-02-02 12:39:37 Error: [MissingViewException] View file "/Library/WebServer/Documents/tombo-blog/app/View/Posts/view.ctp" is missing.
Exception Attributes: array (
  'file' => '/Library/WebServer/Documents/tombo-blog/app/View/Posts/view.ctp',
)
Request URL: /tombo-blog/posts/view/2
Stack Trace:
#0 /Library/WebServer/Documents/tombo-blog/lib/Cake/View/View.php(457): View->_getViewFileName(NULL)
#1 /Library/WebServer/Documents/tombo-blog/lib/Cake/Controller/Controller.php(952): View->render(NULL, NULL)
#2 /Library/WebServer/Documents/tombo-blog/lib/Cake/Routing/Dispatcher.php(192): Controller->render()
#3 /Library/WebServer/Documents/tombo-blog/lib/Cake/Routing/Dispatcher.php(160): Dispatcher->_invoke(Object(PostsController), Object(CakeRequest), Object(CakeResponse))
#4 /Library/WebServer/Documents/tombo-blog/app/webroot/index.php(108): Dispatcher->dispatch(Object(CakeRequest), Object(CakeResponse))
#5 {main}
2014-02-02 12:40:36 Error: [MissingViewException] View file "/Library/WebServer/Documents/tombo-blog/app/View/Posts/view.ctp" is missing.
Exception Attributes: array (
  'file' => '/Library/WebServer/Documents/tombo-blog/app/View/Posts/view.ctp',
)
Request URL: /tombo-blog/posts/view/2
Stack Trace:
#0 /Library/WebServer/Documents/tombo-blog/lib/Cake/View/View.php(457): View->_getViewFileName(NULL)
#1 /Library/WebServer/Documents/tombo-blog/lib/Cake/Controller/Controller.php(952): View->render(NULL, NULL)
#2 /Library/WebServer/Documents/tombo-blog/lib/Cake/Routing/Dispatcher.php(192): Controller->render()
#3 /Library/WebServer/Documents/tombo-blog/lib/Cake/Routing/Dispatcher.php(160): Dispatcher->_invoke(Object(PostsController), Object(CakeRequest), Object(CakeResponse))
#4 /Library/WebServer/Documents/tombo-blog/app/webroot/index.php(108): Dispatcher->dispatch(Object(CakeRequest), Object(CakeResponse))
#5 {main}
2014-02-02 13:01:01 Error: Fatal Error (4): parse error, expecting `'('' in [/Library/WebServer/Documents/tombo-blog/app/Model/Post.php, line 4]
2014-02-02 13:01:01 Error: [FatalErrorException] parse error, expecting `'(''
Request URL: /tombo-blog/posts/view/2
Stack Trace:
#0 /Library/WebServer/Documents/tombo-blog/lib/Cake/Error/ErrorHandler.php(203): ErrorHandler::handleFatalError(4, 'parse error, ex...', '/Library/WebSer...', 4)
#1 [internal function]: ErrorHandler::handleError(4, 'parse error, ex...', '/Library/WebSer...', 4, Array)
#2 /Library/WebServer/Documents/tombo-blog/lib/Cake/Core/App.php(929): call_user_func('ErrorHandler::h...', 4, 'parse error, ex...', '/Library/WebSer...', 4, Array)
#3 /Library/WebServer/Documents/tombo-blog/lib/Cake/Core/App.php(902): App::_checkFatalError()
#4 [internal function]: App::shutdown()
#5 {main}
2014-02-02 13:02:02 Error: Fatal Error (4): parse error, expecting `'('' in [/Library/WebServer/Documents/tombo-blog/app/Model/Post.php, line 4]
2014-02-02 13:02:02 Error: [FatalErrorException] parse error, expecting `'(''
Request URL: /tombo-blog/posts/
Stack Trace:
#0 /Library/WebServer/Documents/tombo-blog/lib/Cake/Error/ErrorHandler.php(203): ErrorHandler::handleFatalError(4, 'parse error, ex...', '/Library/WebSer...', 4)
#1 [internal function]: ErrorHandler::handleError(4, 'parse error, ex...', '/Library/WebSer...', 4, Array)
#2 /Library/WebServer/Documents/tombo-blog/lib/Cake/Core/App.php(929): call_user_func('ErrorHandler::h...', 4, 'parse error, ex...', '/Library/WebSer...', 4, Array)
#3 /Library/WebServer/Documents/tombo-blog/lib/Cake/Core/App.php(902): App::_checkFatalError()
#4 [internal function]: App::shutdown()
#5 {main}
2014-02-02 17:30:22 Error: Fatal Error (4): parse error in [/Library/WebServer/Documents/tombo-blog/app/View/Layouts/default.ctp, line 56]
2014-02-02 17:30:22 Error: [InternalErrorException] Internal Server Error
Request URL: /tombo-blog/
Stack Trace:
#0 /Library/WebServer/Documents/tombo-blog/lib/Cake/Error/ErrorHandler.php(203): ErrorHandler::handleFatalError(4, 'parse error', '/Library/WebSer...', 56)
#1 [internal function]: ErrorHandler::handleError(4, 'parse error', '/Library/WebSer...', 56, Array)
#2 /Library/WebServer/Documents/tombo-blog/lib/Cake/Core/App.php(929): call_user_func('ErrorHandler::h...', 4, 'parse error', '/Library/WebSer...', 56, Array)
#3 /Library/WebServer/Documents/tombo-blog/lib/Cake/Core/App.php(902): App::_checkFatalError()
#4 [internal function]: App::shutdown()
#5 {main}
2014-02-02 17:30:23 Error: Fatal Error (4): parse error in [/Library/WebServer/Documents/tombo-blog/app/View/Layouts/default.ctp, line 56]
2014-02-02 17:30:23 Error: [InternalErrorException] Internal Server Error
Request URL: /tombo-blog/
Stack Trace:
#0 /Library/WebServer/Documents/tombo-blog/lib/Cake/Error/ErrorHandler.php(203): ErrorHandler::handleFatalError(4, 'parse error', '/Library/WebSer...', 56)
#1 [internal function]: ErrorHandler::handleError(4, 'parse error', '/Library/WebSer...', 56, Array)
#2 /Library/WebServer/Documents/tombo-blog/lib/Cake/Core/App.php(929): call_user_func('ErrorHandler::h...', 4, 'parse error', '/Library/WebSer...', 56, Array)
#3 /Library/WebServer/Documents/tombo-blog/lib/Cake/Core/App.php(902): App::_checkFatalError()
#4 [internal function]: App::shutdown()
#5 {main}
2014-02-02 17:32:32 Error: Fatal Error (4): parse error, expecting `','' or `';'' in [/Library/WebServer/Documents/tombo-blog/app/Controller/PostsController.php, line 6]
2014-02-02 17:32:32 Error: [InternalErrorException] Internal Server Error
Request URL: /tombo-blog/
Stack Trace:
#0 /Library/WebServer/Documents/tombo-blog/lib/Cake/Error/ErrorHandler.php(203): ErrorHandler::handleFatalError(4, 'parse error, ex...', '/Library/WebSer...', 6)
#1 [internal function]: ErrorHandler::handleError(4, 'parse error, ex...', '/Library/WebSer...', 6, Array)
#2 /Library/WebServer/Documents/tombo-blog/lib/Cake/Core/App.php(929): call_user_func('ErrorHandler::h...', 4, 'parse error, ex...', '/Library/WebSer...', 6, Array)
#3 /Library/WebServer/Documents/tombo-blog/lib/Cake/Core/App.php(902): App::_checkFatalError()
#4 [internal function]: App::shutdown()
#5 {main}
2014-02-02 17:32:56 Error: Fatal Error (4): parse error, expecting `','' or `';'' in [/Library/WebServer/Documents/tombo-blog/app/Controller/PostsController.php, line 6]
2014-02-02 17:32:56 Error: [FatalErrorException] parse error, expecting `','' or `';''
Request URL: /tombo-blog/
Stack Trace:
#0 /Library/WebServer/Documents/tombo-blog/lib/Cake/Error/ErrorHandler.php(203): ErrorHandler::handleFatalError(4, 'parse error, ex...', '/Library/WebSer...', 6)
#1 [internal function]: ErrorHandler::handleError(4, 'parse error, ex...', '/Library/WebSer...', 6, Array)
#2 /Library/WebServer/Documents/tombo-blog/lib/Cake/Core/App.php(929): call_user_func('ErrorHandler::h...', 4, 'parse error, ex...', '/Library/WebSer...', 6, Array)
#3 /Library/WebServer/Documents/tombo-blog/lib/Cake/Core/App.php(902): App::_checkFatalError()
#4 [internal function]: App::shutdown()
#5 {main}
2014-02-02 17:33:49 Error: Fatal Error (4): parse error, expecting `"function (T_FUNCTION)"' in [/Library/WebServer/Documents/tombo-blog/app/Controller/PostsController.php, line 6]
2014-02-02 17:33:49 Error: [FatalErrorException] parse error, expecting `"function (T_FUNCTION)"'
Request URL: /tombo-blog/
Stack Trace:
#0 /Library/WebServer/Documents/tombo-blog/lib/Cake/Error/ErrorHandler.php(203): ErrorHandler::handleFatalError(4, 'parse error, ex...', '/Library/WebSer...', 6)
#1 [internal function]: ErrorHandler::handleError(4, 'parse error, ex...', '/Library/WebSer...', 6, Array)
#2 /Library/WebServer/Documents/tombo-blog/lib/Cake/Core/App.php(929): call_user_func('ErrorHandler::h...', 4, 'parse error, ex...', '/Library/WebSer...', 6, Array)
#3 /Library/WebServer/Documents/tombo-blog/lib/Cake/Core/App.php(902): App::_checkFatalError()
#4 [internal function]: App::shutdown()
#5 {main}
2014-02-02 17:34:35 Error: Fatal Error (4): parse error, expecting `"function (T_FUNCTION)"' in [/Library/WebServer/Documents/tombo-blog/app/Controller/PostsController.php, line 6]
2014-02-02 17:34:35 Error: [FatalErrorException] parse error, expecting `"function (T_FUNCTION)"'
Request URL: /tombo-blog/
Stack Trace:
#0 /Library/WebServer/Documents/tombo-blog/lib/Cake/Error/ErrorHandler.php(203): ErrorHandler::handleFatalError(4, 'parse error, ex...', '/Library/WebSer...', 6)
#1 [internal function]: ErrorHandler::handleError(4, 'parse error, ex...', '/Library/WebSer...', 6, Array)
#2 /Library/WebServer/Documents/tombo-blog/lib/Cake/Core/App.php(929): call_user_func('ErrorHandler::h...', 4, 'parse error, ex...', '/Library/WebSer...', 6, Array)
#3 /Library/WebServer/Documents/tombo-blog/lib/Cake/Core/App.php(902): App::_checkFatalError()
#4 [internal function]: App::shutdown()
#5 {main}
2014-02-02 17:34:36 Error: Fatal Error (4): parse error, expecting `"function (T_FUNCTION)"' in [/Library/WebServer/Documents/tombo-blog/app/Controller/PostsController.php, line 6]
2014-02-02 17:34:36 Error: [FatalErrorException] parse error, expecting `"function (T_FUNCTION)"'
Request URL: /tombo-blog/
Stack Trace:
#0 /Library/WebServer/Documents/tombo-blog/lib/Cake/Error/ErrorHandler.php(203): ErrorHandler::handleFatalError(4, 'parse error, ex...', '/Library/WebSer...', 6)
#1 [internal function]: ErrorHandler::handleError(4, 'parse error, ex...', '/Library/WebSer...', 6, Array)
#2 /Library/WebServer/Documents/tombo-blog/lib/Cake/Core/App.php(929): call_user_func('ErrorHandler::h...', 4, 'parse error, ex...', '/Library/WebSer...', 6, Array)
#3 /Library/WebServer/Documents/tombo-blog/lib/Cake/Core/App.php(902): App::_checkFatalError()
#4 [internal function]: App::shutdown()
#5 {main}
2014-02-03 00:17:23 Error: Fatal Error (1): Call to a member function image() on a non-object in [/Library/WebServer/Documents/tombo-blog/app/View/Layouts/tblog.ctp, line 42]
2014-02-03 00:17:23 Error: [FatalErrorException] Call to a member function image() on a non-object
Request URL: /tombo-blog/
Stack Trace:
#0 /Library/WebServer/Documents/tombo-blog/lib/Cake/Error/ErrorHandler.php(203): ErrorHandler::handleFatalError(1, 'Call to a membe...', '/Library/WebSer...', 42)
#1 [internal function]: ErrorHandler::handleError(1, 'Call to a membe...', '/Library/WebSer...', 42, Array)
#2 /Library/WebServer/Documents/tombo-blog/lib/Cake/Core/App.php(929): call_user_func('ErrorHandler::h...', 1, 'Call to a membe...', '/Library/WebSer...', 42, Array)
#3 /Library/WebServer/Documents/tombo-blog/lib/Cake/Core/App.php(902): App::_checkFatalError()
#4 [internal function]: App::shutdown()
#5 {main}
2014-02-03 00:22:56 Error: Fatal Error (4): parse error, expecting `','' or `';'' in [/Library/WebServer/Documents/tombo-blog/app/View/Layouts/tblog.ctp, line 42]
2014-02-03 00:22:56 Error: [FatalErrorException] parse error, expecting `','' or `';''
Request URL: /tombo-blog/
Stack Trace:
#0 /Library/WebServer/Documents/tombo-blog/lib/Cake/Error/ErrorHandler.php(203): ErrorHandler::handleFatalError(4, 'parse error, ex...', '/Library/WebSer...', 42)
#1 [internal function]: ErrorHandler::handleError(4, 'parse error, ex...', '/Library/WebSer...', 42, Array)
#2 /Library/WebServer/Documents/tombo-blog/lib/Cake/Core/App.php(929): call_user_func('ErrorHandler::h...', 4, 'parse error, ex...', '/Library/WebSer...', 42, Array)
#3 /Library/WebServer/Documents/tombo-blog/lib/Cake/Core/App.php(902): App::_checkFatalError()
#4 [internal function]: App::shutdown()
#5 {main}
2014-02-03 00:26:33 Error: [MissingControllerException] Controller class PostController could not be found.
Exception Attributes: array (
  'class' => 'PostController',
  'plugin' => NULL,
)
Request URL: /tombo-blog/post
Stack Trace:
#0 /Library/WebServer/Documents/tombo-blog/app/webroot/index.php(108): Dispatcher->dispatch(Object(CakeRequest), Object(CakeResponse))
#1 {main}
2014-02-03 00:40:07 Error: [MissingControllerException] Controller class ImgController could not be found.
Exception Attributes: array (
  'class' => 'ImgController',
  'plugin' => NULL,
)
Request URL: /tombo-blog/img/bg-image.jpg
Stack Trace:
#0 /Library/WebServer/Documents/tombo-blog/app/webroot/index.php(108): Dispatcher->dispatch(Object(CakeRequest), Object(CakeResponse))
#1 {main}
2014-02-03 01:17:21 Error: [MissingControllerException] Controller class ManageController could not be found.
Exception Attributes: array (
  'class' => 'ManageController',
  'plugin' => NULL,
)
Request URL: /tombo-blog/manage
Stack Trace:
#0 /Library/WebServer/Documents/tombo-blog/app/webroot/index.php(108): Dispatcher->dispatch(Object(CakeRequest), Object(CakeResponse))
#1 {main}
2014-02-03 01:51:09 Error: [PDOException] SQLSTATE[42000]: Syntax error or access violation: 1064 You have an error in your SQL syntax; check the manual that corresponds to your MySQL server version for the right syntax to use near 'paginate' at line 1
Request URL: /tombo-blog/
Stack Trace:
#0 /Library/WebServer/Documents/tombo-blog/lib/Cake/Model/Datasource/DboSource.php(458): PDOStatement->execute(Array)
#1 /Library/WebServer/Documents/tombo-blog/lib/Cake/Model/Datasource/DboSource.php(424): DboSource->_execute('paginate', Array)
#2 /Library/WebServer/Documents/tombo-blog/lib/Cake/Model/Datasource/DboSource.php(665): DboSource->execute('paginate', Array, Array)
#3 /Library/WebServer/Documents/tombo-blog/lib/Cake/Model/Datasource/DboSource.php(609): DboSource->fetchAll('paginate', Array, Array)
#4 /Library/WebServer/Documents/tombo-blog/lib/Cake/Model/Model.php(800): DboSource->query('paginate', Array, Object(Post))
#5 /Library/WebServer/Documents/tombo-blog/app/Controller/PostsController.php(16): Model->__call('paginate', Array)
#6 /Library/WebServer/Documents/tombo-blog/app/Controller/PostsController.php(16): Post->paginate()
#7 [internal function]: PostsController->index()
#8 /Library/WebServer/Documents/tombo-blog/lib/Cake/Controller/Controller.php(490): ReflectionMethod->invokeArgs(Object(PostsController), Array)
#9 /Library/WebServer/Documents/tombo-blog/lib/Cake/Routing/Dispatcher.php(185): Controller->invokeAction(Object(CakeRequest))
#10 /Library/WebServer/Documents/tombo-blog/lib/Cake/Routing/Dispatcher.php(160): Dispatcher->_invoke(Object(PostsController), Object(CakeRequest), Object(CakeResponse))
#11 /Library/WebServer/Documents/tombo-blog/app/webroot/index.php(108): Dispatcher->dispatch(Object(CakeRequest), Object(CakeResponse))
#12 {main}
2014-02-03 01:51:39 Error: [PDOException] SQLSTATE[42000]: Syntax error or access violation: 1064 You have an error in your SQL syntax; check the manual that corresponds to your MySQL server version for the right syntax to use near 'pagenate' at line 1
Request URL: /tombo-blog/
Stack Trace:
#0 /Library/WebServer/Documents/tombo-blog/lib/Cake/Model/Datasource/DboSource.php(458): PDOStatement->execute(Array)
#1 /Library/WebServer/Documents/tombo-blog/lib/Cake/Model/Datasource/DboSource.php(424): DboSource->_execute('pagenate', Array)
#2 /Library/WebServer/Documents/tombo-blog/lib/Cake/Model/Datasource/DboSource.php(665): DboSource->execute('pagenate', Array, Array)
#3 /Library/WebServer/Documents/tombo-blog/lib/Cake/Model/Datasource/DboSource.php(609): DboSource->fetchAll('pagenate', Array, Array)
#4 /Library/WebServer/Documents/tombo-blog/lib/Cake/Model/Model.php(800): DboSource->query('pagenate', Array, Object(Post))
#5 /Library/WebServer/Documents/tombo-blog/app/Controller/PostsController.php(16): Model->__call('pagenate', Array)
#6 /Library/WebServer/Documents/tombo-blog/app/Controller/PostsController.php(16): Post->pagenate()
#7 [internal function]: PostsController->index()
#8 /Library/WebServer/Documents/tombo-blog/lib/Cake/Controller/Controller.php(490): ReflectionMethod->invokeArgs(Object(PostsController), Array)
#9 /Library/WebServer/Documents/tombo-blog/lib/Cake/Routing/Dispatcher.php(185): Controller->invokeAction(Object(CakeRequest))
#10 /Library/WebServer/Documents/tombo-blog/lib/Cake/Routing/Dispatcher.php(160): Dispatcher->_invoke(Object(PostsController), Object(CakeRequest), Object(CakeResponse))
#11 /Library/WebServer/Documents/tombo-blog/app/webroot/index.php(108): Dispatcher->dispatch(Object(CakeRequest), Object(CakeResponse))
#12 {main}
2014-02-03 01:51:40 Error: [PDOException] SQLSTATE[42000]: Syntax error or access violation: 1064 You have an error in your SQL syntax; check the manual that corresponds to your MySQL server version for the right syntax to use near 'pagenate' at line 1
Request URL: /tombo-blog/
Stack Trace:
#0 /Library/WebServer/Documents/tombo-blog/lib/Cake/Model/Datasource/DboSource.php(458): PDOStatement->execute(Array)
#1 /Library/WebServer/Documents/tombo-blog/lib/Cake/Model/Datasource/DboSource.php(424): DboSource->_execute('pagenate', Array)
#2 /Library/WebServer/Documents/tombo-blog/lib/Cake/Model/Datasource/DboSource.php(665): DboSource->execute('pagenate', Array, Array)
#3 /Library/WebServer/Documents/tombo-blog/lib/Cake/Model/Datasource/DboSource.php(609): DboSource->fetchAll('pagenate', Array, Array)
#4 /Library/WebServer/Documents/tombo-blog/lib/Cake/Model/Model.php(800): DboSource->query('pagenate', Array, Object(Post))
#5 /Library/WebServer/Documents/tombo-blog/app/Controller/PostsController.php(16): Model->__call('pagenate', Array)
#6 /Library/WebServer/Documents/tombo-blog/app/Controller/PostsController.php(16): Post->pagenate()
#7 [internal function]: PostsController->index()
#8 /Library/WebServer/Documents/tombo-blog/lib/Cake/Controller/Controller.php(490): ReflectionMethod->invokeArgs(Object(PostsController), Array)
#9 /Library/WebServer/Documents/tombo-blog/lib/Cake/Routing/Dispatcher.php(185): Controller->invokeAction(Object(CakeRequest))
#10 /Library/WebServer/Documents/tombo-blog/lib/Cake/Routing/Dispatcher.php(160): Dispatcher->_invoke(Object(PostsController), Object(CakeRequest), Object(CakeResponse))
#11 /Library/WebServer/Documents/tombo-blog/app/webroot/index.php(108): Dispatcher->dispatch(Object(CakeRequest), Object(CakeResponse))
#12 {main}
2014-02-03 14:14:38 Error: Fatal Error (4): parse error, expecting `','' or `';'' in [/Library/WebServer/Documents/tombo-blog/app/Controller/UsersController.php, line 4]
2014-02-03 14:14:38 Error: [FatalErrorException] parse error, expecting `','' or `';''
Request URL: /tombo-blog/users/login
Stack Trace:
#0 /Library/WebServer/Documents/tombo-blog/lib/Cake/Error/ErrorHandler.php(203): ErrorHandler::handleFatalError(4, 'parse error, ex...', '/Library/WebSer...', 4)
#1 [internal function]: ErrorHandler::handleError(4, 'parse error, ex...', '/Library/WebSer...', 4, Array)
#2 /Library/WebServer/Documents/tombo-blog/lib/Cake/Core/App.php(929): call_user_func('ErrorHandler::h...', 4, 'parse error, ex...', '/Library/WebSer...', 4, Array)
#3 /Library/WebServer/Documents/tombo-blog/lib/Cake/Core/App.php(902): App::_checkFatalError()
#4 [internal function]: App::shutdown()
#5 {main}
2014-02-03 14:34:38 Error: [MissingActionException] Action UsersController::add() could not be found.
Exception Attributes: array (
  'controller' => 'UsersController',
  'action' => 'add',
)
Request URL: /tombo-blog/users/add
Stack Trace:
#0 /Library/WebServer/Documents/tombo-blog/lib/Cake/Routing/Dispatcher.php(185): Controller->invokeAction(Object(CakeRequest))
#1 /Library/WebServer/Documents/tombo-blog/lib/Cake/Routing/Dispatcher.php(160): Dispatcher->_invoke(Object(UsersController), Object(CakeRequest), Object(CakeResponse))
#2 /Library/WebServer/Documents/tombo-blog/app/webroot/index.php(108): Dispatcher->dispatch(Object(CakeRequest), Object(CakeResponse))
#3 {main}
2014-02-03 15:01:02 Warning: Warning (2): array_search() expects parameter 2 to be array, string given in [/Library/WebServer/Documents/tombo-blog/lib/Cake/View/Helper/FormHelper.php, line 2875]
Trace:
array_search - [internal], line ??
FormHelper::_initInputField() - CORE/Cake/View/Helper/FormHelper.php, line 2875
FormHelper::radio() - CORE/Cake/View/Helper/FormHelper.php, line 1461
include - APP/View/Posts/add.ctp, line 7
View::_evaluate() - CORE/Cake/View/View.php, line 929
View::_render() - CORE/Cake/View/View.php, line 891
View::render() - CORE/Cake/View/View.php, line 460
Controller::render() - CORE/Cake/Controller/Controller.php, line 952
Dispatcher::_invoke() - CORE/Cake/Routing/Dispatcher.php, line 192
Dispatcher::dispatch() - CORE/Cake/Routing/Dispatcher.php, line 160
[main] - APP/webroot/index.php, line 108

2014-02-03 15:01:04 Warning: Warning (2): array_search() expects parameter 2 to be array, string given in [/Library/WebServer/Documents/tombo-blog/lib/Cake/View/Helper/FormHelper.php, line 2875]
Trace:
array_search - [internal], line ??
FormHelper::_initInputField() - CORE/Cake/View/Helper/FormHelper.php, line 2875
FormHelper::radio() - CORE/Cake/View/Helper/FormHelper.php, line 1461
include - APP/View/Posts/add.ctp, line 7
View::_evaluate() - CORE/Cake/View/View.php, line 929
View::_render() - CORE/Cake/View/View.php, line 891
View::render() - CORE/Cake/View/View.php, line 460
Controller::render() - CORE/Cake/Controller/Controller.php, line 952
Dispatcher::_invoke() - CORE/Cake/Routing/Dispatcher.php, line 192
Dispatcher::dispatch() - CORE/Cake/Routing/Dispatcher.php, line 160
[main] - APP/webroot/index.php, line 108

2014-02-03 15:01:05 Warning: Warning (2): array_search() expects parameter 2 to be array, string given in [/Library/WebServer/Documents/tombo-blog/lib/Cake/View/Helper/FormHelper.php, line 2875]
Trace:
array_search - [internal], line ??
FormHelper::_initInputField() - CORE/Cake/View/Helper/FormHelper.php, line 2875
FormHelper::radio() - CORE/Cake/View/Helper/FormHelper.php, line 1461
include - APP/View/Posts/add.ctp, line 7
View::_evaluate() - CORE/Cake/View/View.php, line 929
View::_render() - CORE/Cake/View/View.php, line 891
View::render() - CORE/Cake/View/View.php, line 460
Controller::render() - CORE/Cake/Controller/Controller.php, line 952
Dispatcher::_invoke() - CORE/Cake/Routing/Dispatcher.php, line 192
Dispatcher::dispatch() - CORE/Cake/Routing/Dispatcher.php, line 160
[main] - APP/webroot/index.php, line 108

2014-02-03 15:03:40 Error: [MissingControllerException] Controller class ManageController could not be found.
Exception Attributes: array (
  'class' => 'ManageController',
  'plugin' => NULL,
)
Request URL: /tombo-blog/manage
Stack Trace:
#0 /Library/WebServer/Documents/tombo-blog/app/webroot/index.php(108): Dispatcher->dispatch(Object(CakeRequest), Object(CakeResponse))
#1 {main}
2014-02-03 15:03:57 Error: Fatal Error (1): Call to undefined method PostsController::reirect() in [/Library/WebServer/Documents/tombo-blog/app/Controller/PostsController.php, line 71]
2014-02-03 15:03:57 Error: [InternalErrorException] Internal Server Error
Request URL: /tombo-blog/posts/delete/4
Stack Trace:
#0 /Library/WebServer/Documents/tombo-blog/lib/Cake/Error/ErrorHandler.php(203): ErrorHandler::handleFatalError(1, 'Call to undefin...', '/Library/WebSer...', 71)
#1 [internal function]: ErrorHandler::handleError(1, 'Call to undefin...', '/Library/WebSer...', 71, Array)
#2 /Library/WebServer/Documents/tombo-blog/lib/Cake/Core/App.php(929): call_user_func('ErrorHandler::h...', 1, 'Call to undefin...', '/Library/WebSer...', 71, Array)
#3 /Library/WebServer/Documents/tombo-blog/lib/Cake/Core/App.php(902): App::_checkFatalError()
#4 [internal function]: App::shutdown()
#5 {main}
2014-02-03 21:58:01 Error: [MissingActionException] Action PostsController::views() could not be found.
Exception Attributes: array (
  'controller' => 'PostsController',
  'action' => 'views',
)
Request URL: /tombo-blog/posts/views
Stack Trace:
#0 /Library/WebServer/Documents/tombo-blog/lib/Cake/Routing/Dispatcher.php(185): Controller->invokeAction(Object(CakeRequest))
#1 /Library/WebServer/Documents/tombo-blog/lib/Cake/Routing/Dispatcher.php(160): Dispatcher->_invoke(Object(PostsController), Object(CakeRequest), Object(CakeResponse))
#2 /Library/WebServer/Documents/tombo-blog/app/webroot/index.php(108): Dispatcher->dispatch(Object(CakeRequest), Object(CakeResponse))
#3 {main}
2014-02-03 21:58:09 Error: [NotFoundException] Invalid post
Request URL: /tombo-blog/posts/view
Stack Trace:
#0 [internal function]: PostsController->view()
#1 /Library/WebServer/Documents/tombo-blog/lib/Cake/Controller/Controller.php(490): ReflectionMethod->invokeArgs(Object(PostsController), Array)
#2 /Library/WebServer/Documents/tombo-blog/lib/Cake/Routing/Dispatcher.php(185): Controller->invokeAction(Object(CakeRequest))
#3 /Library/WebServer/Documents/tombo-blog/lib/Cake/Routing/Dispatcher.php(160): Dispatcher->_invoke(Object(PostsController), Object(CakeRequest), Object(CakeResponse))
#4 /Library/WebServer/Documents/tombo-blog/app/webroot/index.php(108): Dispatcher->dispatch(Object(CakeRequest), Object(CakeResponse))
#5 {main}
